<?xml version="1.0" encoding="utf-8"?><testsuites><testsuite name="pytest" errors="0" failures="0" skipped="0" tests="8" time="73.503" timestamp="2024-06-23T22:21:03.478474" hostname="LAPTOP-T1Q15FNR"><testcase classname="test_add.TestAdd" name="test_add_contact[get_data0]" time="13.830" /><testcase classname="test_add.TestAdd" name="test_add_contact[get_data1]" time="3.218" /><testcase classname="test_add.TestAdd" name="test_add_contact[get_data2]" time="3.600" /><testcase classname="test_add.TestAdd" name="test_add_contact[get_data3]" time="4.171" /><testcase classname="test_add.TestAdd" name="test_add_contact[get_data4]" time="7.911" /><testcase classname="test_delete.TestDelete" name="test_delete" time="10.512" /><testcase classname="test_edit.TestEdit" name="test_edit_contact" time="13.220" /><testcase classname="test_teardown.TestDelete" name="test_delete" time="16.991" /></testsuite></testsuites>